Determining if the function crc32c_value exists in the crc32c failed with the following output:
Change Dir: /Users/chikatsurasakai/leveldb-master/cmake-build-debug/CMakeFiles/CMakeTmp

Run Build Command:"/usr/bin/make" "cmTC_3fc39/fast"
/Library/Developer/CommandLineTools/usr/bin/make -f CMakeFiles/cmTC_3fc39.dir/build.make CMakeFiles/cmTC_3fc39.dir/build
Building C object CMakeFiles/cmTC_3fc39.dir/CheckFunctionExists.c.o
/Library/Developer/CommandLineTools/usr/bin/cc   -DCHECK_FUNCTION_EXISTS=crc32c_value   -std=c11 -o CMakeFiles/cmTC_3fc39.dir/CheckFunctionExists.c.o   -c /Applications/CLion.app/Contents/bin/cmake/share/cmake-3.10/Modules/CheckFunctionExists.c
Linking C executable cmTC_3fc39
/Applications/CLion.app/Contents/bin/cmake/bin/cmake -E cmake_link_script CMakeFiles/cmTC_3fc39.dir/link.txt --verbose=1
/Library/Developer/CommandLineTools/usr/bin/cc  -DCHECK_FUNCTION_EXISTS=crc32c_value -Wl,-search_paths_first -Wl,-headerpad_max_install_names   CMakeFiles/cmTC_3fc39.dir/CheckFunctionExists.c.o  -o cmTC_3fc39 -lcrc32c 
ld: library not found for -lcrc32c
clang: error: linker command failed with exit code 1 (use -v to see invocation)
make[1]: *** [cmTC_3fc39] Error 1
make: *** [cmTC_3fc39/fast] Error 2


Determining if the function snappy_compress exists in the snappy failed with the following output:
Change Dir: /Users/chikatsurasakai/leveldb-master/cmake-build-debug/CMakeFiles/CMakeTmp

Run Build Command:"/usr/bin/make" "cmTC_ef05e/fast"
/Library/Developer/CommandLineTools/usr/bin/make -f CMakeFiles/cmTC_ef05e.dir/build.make CMakeFiles/cmTC_ef05e.dir/build
Building C object CMakeFiles/cmTC_ef05e.dir/CheckFunctionExists.c.o
/Library/Developer/CommandLineTools/usr/bin/cc   -DCHECK_FUNCTION_EXISTS=snappy_compress   -std=c11 -o CMakeFiles/cmTC_ef05e.dir/CheckFunctionExists.c.o   -c /Applications/CLion.app/Contents/bin/cmake/share/cmake-3.10/Modules/CheckFunctionExists.c
Linking C executable cmTC_ef05e
/Applications/CLion.app/Contents/bin/cmake/bin/cmake -E cmake_link_script CMakeFiles/cmTC_ef05e.dir/link.txt --verbose=1
/Library/Developer/CommandLineTools/usr/bin/cc  -DCHECK_FUNCTION_EXISTS=snappy_compress -Wl,-search_paths_first -Wl,-headerpad_max_install_names   CMakeFiles/cmTC_ef05e.dir/CheckFunctionExists.c.o  -o cmTC_ef05e -lsnappy 
ld: library not found for -lsnappy
clang: error: linker command failed with exit code 1 (use -v to see invocation)
make[1]: *** [cmTC_ef05e] Error 1
make: *** [cmTC_ef05e/fast] Error 2


Determining if the function malloc exists in the tcmalloc failed with the following output:
Change Dir: /Users/chikatsurasakai/leveldb-master/cmake-build-debug/CMakeFiles/CMakeTmp

Run Build Command:"/usr/bin/make" "cmTC_09918/fast"
/Library/Developer/CommandLineTools/usr/bin/make -f CMakeFiles/cmTC_09918.dir/build.make CMakeFiles/cmTC_09918.dir/build
Building C object CMakeFiles/cmTC_09918.dir/CheckFunctionExists.c.o
/Library/Developer/CommandLineTools/usr/bin/cc   -DCHECK_FUNCTION_EXISTS=malloc   -std=c11 -o CMakeFiles/cmTC_09918.dir/CheckFunctionExists.c.o   -c /Applications/CLion.app/Contents/bin/cmake/share/cmake-3.10/Modules/CheckFunctionExists.c
/Applications/CLion.app/Contents/bin/cmake/share/cmake-3.10/Modules/CheckFunctionExists.c:7:3: warning: incompatible redeclaration of library function 'malloc' [-Wincompatible-library-redeclaration]
  CHECK_FUNCTION_EXISTS(void);
  ^
<command line>:1:31: note: expanded from here
#define CHECK_FUNCTION_EXISTS malloc
                              ^
/Applications/CLion.app/Contents/bin/cmake/share/cmake-3.10/Modules/CheckFunctionExists.c:7:3: note: 'malloc' is a builtin with type 'void *(unsigned long)'
<command line>:1:31: note: expanded from here
#define CHECK_FUNCTION_EXISTS malloc
                              ^
1 warning generated.
Linking C executable cmTC_09918
/Applications/CLion.app/Contents/bin/cmake/bin/cmake -E cmake_link_script CMakeFiles/cmTC_09918.dir/link.txt --verbose=1
/Library/Developer/CommandLineTools/usr/bin/cc  -DCHECK_FUNCTION_EXISTS=malloc -Wl,-search_paths_first -Wl,-headerpad_max_install_names   CMakeFiles/cmTC_09918.dir/CheckFunctionExists.c.o  -o cmTC_09918 -ltcmalloc 
ld: library not found for -ltcmalloc
clang: error: linker command failed with exit code 1 (use -v to see invocation)
make[1]: *** [cmTC_09918] Error 1
make: *** [cmTC_09918/fast] Error 2


Determining if the fdatasync exist failed with the following output:
Change Dir: /Users/chikatsurasakai/leveldb-master/cmake-build-debug/CMakeFiles/CMakeTmp

Run Build Command:"/usr/bin/make" "cmTC_4f485/fast"
/Library/Developer/CommandLineTools/usr/bin/make -f CMakeFiles/cmTC_4f485.dir/build.make CMakeFiles/cmTC_4f485.dir/build
Building C object CMakeFiles/cmTC_4f485.dir/CheckSymbolExists.c.o
/Library/Developer/CommandLineTools/usr/bin/cc   -std=c11 -o CMakeFiles/cmTC_4f485.dir/CheckSymbolExists.c.o   -c /Users/chikatsurasakai/leveldb-master/cmake-build-debug/CMakeFiles/CMakeTmp/CheckSymbolExists.c
/Users/chikatsurasakai/leveldb-master/cmake-build-debug/CMakeFiles/CMakeTmp/CheckSymbolExists.c:8:19: error: use of undeclared identifier 'fdatasync'
  return ((int*)(&fdatasync))[argc];
                  ^
1 error generated.
make[1]: *** [CMakeFiles/cmTC_4f485.dir/CheckSymbolExists.c.o] Error 1
make: *** [cmTC_4f485/fast] Error 2

File /Users/chikatsurasakai/leveldb-master/cmake-build-debug/CMakeFiles/CMakeTmp/CheckSymbolExists.c:
/* */
#include <unistd.h>

int main(int argc, char** argv)
{
  (void)argv;
#ifndef fdatasync
  return ((int*)(&fdatasync))[argc];
#else
  (void)argc;
  return 0;
#endif
}

Performing C++ SOURCE FILE Test HAVE_KYOTOCABINET failed with the following output:
Change Dir: /Users/chikatsurasakai/leveldb-master/cmake-build-debug/CMakeFiles/CMakeTmp

Run Build Command:"/usr/bin/make" "cmTC_a918e/fast"
/Library/Developer/CommandLineTools/usr/bin/make -f CMakeFiles/cmTC_a918e.dir/build.make CMakeFiles/cmTC_a918e.dir/build
Building CXX object CMakeFiles/cmTC_a918e.dir/src.cxx.o
/Library/Developer/CommandLineTools/usr/bin/c++    -DHAVE_KYOTOCABINET   -std=c++11 -o CMakeFiles/cmTC_a918e.dir/src.cxx.o -c /Users/chikatsurasakai/leveldb-master/cmake-build-debug/CMakeFiles/CMakeTmp/src.cxx
/Users/chikatsurasakai/leveldb-master/cmake-build-debug/CMakeFiles/CMakeTmp/src.cxx:2:10: fatal error: 'kcpolydb.h' file not found
#include <kcpolydb.h>
         ^~~~~~~~~~~~
1 error generated.
make[1]: *** [CMakeFiles/cmTC_a918e.dir/src.cxx.o] Error 1
make: *** [cmTC_a918e/fast] Error 2

Source file was:

#include <kcpolydb.h>

int main() {
  kyotocabinet::TreeDB* db = new kyotocabinet::TreeDB();
  delete db;
  return 0;
}
  
